[2013-03-16 09:26:46] START
[2013-03-16 09:26:46] EDIT welcome/controllers/default.py: 2
[2014-03-21 08:06:51] EDIT engfarmo/models/0_db.py: 1
[2014-03-21 08:07:22] EDIT engfarmo/models/0_db.py: 0
[2014-03-21 08:07:33] EDIT engfarmo/models/0_db.py: 0
[2014-03-24 09:55:22] EDIT engfarmo/models/0_db.py: 9
[2014-03-24 10:01:45] EDIT engfarmo/models/0_db.py: 1
[2014-03-24 10:04:18] EDIT engfarmo/models/0_db.py: 1
[2014-03-24 10:04:24] EDIT engfarmo/models/0_db.py: 0
[2014-03-24 10:11:01] EDIT engfarmo/models/0_db.py: 0
[2014-03-24 10:11:55] EDIT engfarmo/models/0_db.py: 0
[2014-03-24 10:12:47] EDIT engfarmo/models/0_db.py: 0
[2014-03-24 10:13:17] EDIT engfarmo/models/0_db.py: 0
[2014-03-24 10:13:53] EDIT engfarmo/models/0_db.py: 0
[2014-03-24 10:40:44] EDIT engfarmo/models/0_db.py: 0
[2014-03-24 10:41:59] EDIT engfarmo/models/0_db.py: 0
[2014-03-24 10:42:22] EDIT engfarmo/models/0_db.py: 0
[2014-03-24 10:42:30] EDIT engfarmo/models/0_db.py: 0
[2014-03-24 10:49:41] EDIT engfarmo/views/web2py_ajax.html: 1
[2014-03-24 10:49:48] EDIT engfarmo/views/web2py_ajax.html: 0
[2014-03-24 10:53:47] EDIT engfarmo/views/web2py_ajax.html: 1
[2014-03-24 10:59:50] EDIT engfarmo/models/0_db.py: 0
[2014-03-24 11:05:43] EDIT engfarmo/models/0_db.py: 0
[2014-03-24 11:08:04] EDIT engfarmo/views/web2py_ajax.html: -2
[2014-03-24 11:08:07] EDIT engfarmo/models/0_db.py: 0
[2014-03-24 11:09:00] EDIT engfarmo/models/0_db.py: 0
[2014-03-24 11:10:38] EDIT engfarmo/models/0_db.py: 0
[2014-03-24 11:21:05] EDIT engfarmo/models/0_db.py: 0
[2014-03-24 11:25:44] EDIT engfarmo/views/web2py_ajax.html: 2
[2014-03-24 11:26:54] EDIT engfarmo/views/web2py_ajax.html: 0
[2014-03-24 11:28:46] EDIT engfarmo/views/web2py_ajax.html: -2
[2014-03-24 11:30:43] EDIT engfarmo/models/0_db.py: 0
[2014-03-24 11:34:07] EDIT engfarmo/models/0_db.py: 0
[2014-03-24 11:40:38] EDIT engfarmo/models/0_db.py: 0
[2014-03-24 11:40:53] EDIT engfarmo/models/0_db.py: 0
[2014-03-24 11:41:05] EDIT engfarmo/models/0_db.py: 0
[2014-03-24 11:42:00] EDIT engfarmo/models/0_db.py: 0
[2014-03-24 11:42:09] EDIT engfarmo/models/0_db.py: 0
[2014-03-24 11:42:54] EDIT engfarmo/models/0_db.py: 0
[2014-03-24 11:46:35] EDIT engfarmo/models/0_db.py: 0
[2014-03-24 11:48:55] EDIT engfarmo/models/0_db.py: 0
[2014-03-24 11:49:19] EDIT engfarmo/models/0_db.py: 0
[2014-03-24 11:50:25] EDIT engfarmo/models/0_db.py: 0
[2014-03-24 14:39:10] EDIT engfarmo/models/0_db.py: 0
[2014-03-24 14:40:39] EDIT engfarmo/models/0_db.py: 0
[2014-03-24 14:41:12] EDIT engfarmo/models/0_db.py: 1
[2014-03-24 14:46:04] EDIT engfarmo/models/0_db.py: 0
[2014-03-24 14:53:23] EDIT engfarmo/models/0_db.py: 0
[2014-03-24 14:56:50] EDIT engfarmo/models/0_db.py: 1
[2014-03-24 14:57:19] EDIT engfarmo/models/0_db.py: 1
[2014-03-24 14:58:12] EDIT engfarmo/models/0_db.py: 3
[2014-03-24 14:58:18] EDIT engfarmo/models/0_db.py: 0
[2014-03-24 15:00:57] EDIT engfarmo/models/0_db.py: 1
[2014-03-24 15:01:04] EDIT engfarmo/models/0_db.py: 0
[2014-03-24 15:01:19] EDIT engfarmo/models/0_db.py: 0
[2014-03-24 15:01:57] EDIT engfarmo/models/0_db.py: -1
[2014-03-24 15:02:57] EDIT engfarmo/models/0_db.py: 0
[2014-03-24 15:03:02] EDIT engfarmo/models/0_db.py: 1
[2014-03-24 15:03:20] EDIT engfarmo/models/0_db.py: 0
[2014-03-24 15:06:44] EDIT engfarmo/models/0_db.py: 1
[2014-03-24 15:06:47] EDIT engfarmo/models/0_db.py: 0
[2014-03-24 15:08:41] EDIT engfarmo/models/0_db.py: 1
[2014-03-24 15:10:38] EDIT engfarmo/models/0_db.py: 0
[2014-03-24 15:11:15] EDIT engfarmo/models/0_db.py: 1
[2014-03-24 15:13:16] EDIT engfarmo/models/0_db.py: 0
[2014-03-24 15:14:21] EDIT engfarmo/models/0_db.py: 1
[2014-03-24 15:15:03] EDIT engfarmo/models/0_db.py: 1
[2014-03-24 15:15:58] EDIT engfarmo/models/0_db.py: 1
[2014-03-24 15:16:28] EDIT engfarmo/models/0_db.py: 1
[2014-03-24 15:17:32] EDIT engfarmo/models/0_db.py: 7
[2014-03-24 15:56:28] EDIT engfarmo/models/0_db.py: 1
[2014-03-24 15:57:32] EDIT engfarmo/models/0_db.py: 0
[2014-03-24 15:58:17] EDIT engfarmo/models/0_db.py: 0
[2014-03-24 15:58:19] EDIT engfarmo/models/0_db.py: 0
[2014-03-24 15:58:51] EDIT engfarmo/models/0_db.py: 0
[2014-03-24 16:00:28] EDIT engfarmo/models/0_db.py: 0
[2014-03-24 16:09:21] EDIT engfarmo/models/0_db.py: -1
[2014-03-24 16:17:04] EDIT engfarmo/models/0_db.py: 4
[2014-03-24 16:26:41] EDIT engfarmo/models/0_db.py: 0
